# JRE version: Java(TM) SE Runtime Environment (8.0_261-b12) (build 1.8.0_261-b12)
# Java VM: Java HotSpot(TM) 64-Bit Server VM (25.261-b12 mixed mode windows-amd64 compressed oops)
Heap:
 PSYoungGen      total 428544K, used 87794K [0x00000000e0b80000, 0x00000000fc180000, 0x0000000100000000)
  eden space 409600K, 21% used [0x00000000e0b80000,0x00000000e613cb70,0x00000000f9b80000)
  from space 18944K, 0% used [0x00000000faf00000,0x00000000faf00000,0x00000000fc180000)
  to   space 19456K, 0% used [0x00000000f9b80000,0x00000000f9b80000,0x00000000fae80000)
 ParOldGen       total 77312K, used 26638K [0x00000000a2200000, 0x00000000a6d80000, 0x00000000e0b80000)
  object space 77312K, 34% used [0x00000000a2200000,0x00000000a3c03898,0x00000000a6d80000)
 Metaspace       used 58562K, capacity 62190K, committed 62356K, reserved 1103872K
  class space    used 8202K, capacity 8848K, committed 8892K, reserved 1048576K
GC Heap History (10 events):
Event: 5.215 GC heap before
{Heap before GC invocations=11 (full 1):
 PSYoungGen      total 201216K, used 52771K [0x00000000e0b80000, 0x00000000f3300000, 0x0000000100000000)
  eden space 192000K, 22% used [0x00000000e0b80000,0x00000000e360f2a8,0x00000000ec700000)
  from space 9216K, 99% used [0x00000000ec700000,0x00000000ecff9b80,0x00000000ed000000)
  to   space 11264K, 0% used [0x00000000f2800000,0x00000000f2800000,0x00000000f3300000)
 ParOldGen       total 37376K, used 9286K [0x00000000a2200000, 0x00000000a4680000, 0x00000000e0b80000)
  object space 37376K, 24% used [0x00000000a2200000,0x00000000a2b118a8,0x00000000a4680000)
 Metaspace       used 33227K, capacity 35304K, committed 35416K, reserved 1079296K
  class space    used 4541K, capacity 4920K, committed 4992K, reserved 1048576K
Event: 5.228 GC heap after
Heap after GC invocations=11 (full 1):
 PSYoungGen      total 291328K, used 7246K [0x00000000e0b80000, 0x00000000f3b80000, 0x0000000100000000)
  eden space 280064K, 0% used [0x00000000e0b80000,0x00000000e0b80000,0x00000000f1d00000)
  from space 11264K, 64% used [0x00000000f2800000,0x00000000f2f139f0,0x00000000f3300000)
  to   space 11264K, 0% used [0x00000000f1d00000,0x00000000f1d00000,0x00000000f2800000)
 ParOldGen       total 37376K, used 11633K [0x00000000a2200000, 0x00000000a4680000, 0x00000000e0b80000)
  object space 37376K, 31% used [0x00000000a2200000,0x00000000a2d5c7a0,0x00000000a4680000)
 Metaspace       used 33227K, capacity 35304K, committed 35416K, reserved 1079296K
  class space    used 4541K, capacity 4920K, committed 4992K, reserved 1048576K
}
Event: 5.228 GC heap before
{Heap before GC invocations=12 (full 2):
 PSYoungGen      total 291328K, used 7246K [0x00000000e0b80000, 0x00000000f3b80000, 0x0000000100000000)
  eden space 280064K, 0% used [0x00000000e0b80000,0x00000000e0b80000,0x00000000f1d00000)
  from space 11264K, 64% used [0x00000000f2800000,0x00000000f2f139f0,0x00000000f3300000)
  to   space 11264K, 0% used [0x00000000f1d00000,0x00000000f1d00000,0x00000000f2800000)
 ParOldGen       total 37376K, used 11633K [0x00000000a2200000, 0x00000000a4680000, 0x00000000e0b80000)
  object space 37376K, 31% used [0x00000000a2200000,0x00000000a2d5c7a0,0x00000000a4680000)
 Metaspace       used 33227K, capacity 35304K, committed 35416K, reserved 1079296K
  class space    used 4541K, capacity 4920K, committed 4992K, reserved 1048576K
Event: 5.295 GC heap after
Heap after GC invocations=12 (full 2):
 PSYoungGen      total 291328K, used 0K [0x00000000e0b80000, 0x00000000f3b80000, 0x0000000100000000)
  eden space 280064K, 0% used [0x00000000e0b80000,0x00000000e0b80000,0x00000000f1d00000)
  from space 11264K, 0% used [0x00000000f2800000,0x00000000f2800000,0x00000000f3300000)
  to   space 11264K, 0% used [0x00000000f1d00000,0x00000000f1d00000,0x00000000f2800000)
 ParOldGen       total 51712K, used 14764K [0x00000000a2200000, 0x00000000a5480000, 0x00000000e0b80000)
  object space 51712K, 28% used [0x00000000a2200000,0x00000000a306b148,0x00000000a5480000)
 Metaspace       used 33227K, capacity 35304K, committed 35416K, reserved 1079296K
  class space    used 4541K, capacity 4920K, committed 4992K, reserved 1048576K
}
Event: 8.515 GC heap before
{Heap before GC invocations=13 (full 2):
 PSYoungGen      total 291328K, used 280064K [0x00000000e0b80000, 0x00000000f3b80000, 0x0000000100000000)
  eden space 280064K, 100% used [0x00000000e0b80000,0x00000000f1d00000,0x00000000f1d00000)
  from space 11264K, 0% used [0x00000000f2800000,0x00000000f2800000,0x00000000f3300000)
  to   space 11264K, 0% used [0x00000000f1d00000,0x00000000f1d00000,0x00000000f2800000)
 ParOldGen       total 51712K, used 14764K [0x00000000a2200000, 0x00000000a5480000, 0x00000000e0b80000)
  object space 51712K, 28% used [0x00000000a2200000,0x00000000a306b148,0x00000000a5480000)
 Metaspace       used 55221K, capacity 58398K, committed 58712K, reserved 1099776K
  class space    used 7695K, capacity 8235K, committed 8320K, reserved 1048576K
Event: 8.547 GC heap after
Heap after GC invocations=13 (full 2):
 PSYoungGen      total 291328K, used 11240K [0x00000000e0b80000, 0x00000000fc200000, 0x0000000100000000)
  eden space 280064K, 0% used [0x00000000e0b80000,0x00000000e0b80000,0x00000000f1d00000)
  from space 11264K, 99% used [0x00000000f1d00000,0x00000000f27fa1c0,0x00000000f2800000)
  to   space 19456K, 0% used [0x00000000faf00000,0x00000000faf00000,0x00000000fc200000)
 ParOldGen       total 51712K, used 32120K [0x00000000a2200000, 0x00000000a5480000, 0x00000000e0b80000)
  object space 51712K, 62% used [0x00000000a2200000,0x00000000a415e1c8,0x00000000a5480000)
 Metaspace       used 55221K, capacity 58398K, committed 58712K, reserved 1099776K
  class space    used 7695K, capacity 8235K, committed 8320K, reserved 1048576K
}
Event: 8.742 GC heap before
{Heap before GC invocations=14 (full 2):
 PSYoungGen      total 291328K, used 36717K [0x00000000e0b80000, 0x00000000fc200000, 0x0000000100000000)
  eden space 280064K, 9% used [0x00000000e0b80000,0x00000000e24613d0,0x00000000f1d00000)
  from space 11264K, 99% used [0x00000000f1d00000,0x00000000f27fa1c0,0x00000000f2800000)
  to   space 19456K, 0% used [0x00000000faf00000,0x00000000faf00000,0x00000000fc200000)
 ParOldGen       total 51712K, used 32120K [0x00000000a2200000, 0x00000000a5480000, 0x00000000e0b80000)
  object space 51712K, 62% used [0x00000000a2200000,0x00000000a415e1c8,0x00000000a5480000)
 Metaspace       used 55759K, capacity 58954K, committed 59028K, reserved 1099776K
  class space    used 7775K, capacity 8363K, committed 8380K, reserved 1048576K
Event: 8.759 GC heap after
Heap after GC invocations=14 (full 2):
 PSYoungGen      total 428544K, used 1375K [0x00000000e0b80000, 0x00000000fc180000, 0x0000000100000000)
  eden space 409600K, 0% used [0x00000000e0b80000,0x00000000e0b80000,0x00000000f9b80000)
  from space 18944K, 7% used [0x00000000faf00000,0x00000000fb057fd8,0x00000000fc180000)
  to   space 19456K, 0% used [0x00000000f9b80000,0x00000000f9b80000,0x00000000fae80000)
 ParOldGen       total 51712K, used 43113K [0x00000000a2200000, 0x00000000a5480000, 0x00000000e0b80000)
  object space 51712K, 83% used [0x00000000a2200000,0x00000000a4c1a6c8,0x00000000a5480000)
 Metaspace       used 55759K, capacity 58954K, committed 59028K, reserved 1099776K
  class space    used 7775K, capacity 8363K, committed 8380K, reserved 1048576K
}
Event: 8.760 GC heap before
{Heap before GC invocations=15 (full 3):
 PSYoungGen      total 428544K, used 1375K [0x00000000e0b80000, 0x00000000fc180000, 0x0000000100000000)
  eden space 409600K, 0% used [0x00000000e0b80000,0x00000000e0b80000,0x00000000f9b80000)
  from space 18944K, 7% used [0x00000000faf00000,0x00000000fb057fd8,0x00000000fc180000)
  to   space 19456K, 0% used [0x00000000f9b80000,0x00000000f9b80000,0x00000000fae80000)
 ParOldGen       total 51712K, used 43113K [0x00000000a2200000, 0x00000000a5480000, 0x00000000e0b80000)
  object space 51712K, 83% used [0x00000000a2200000,0x00000000a4c1a6c8,0x00000000a5480000)
 Metaspace       used 55759K, capacity 58954K, committed 59028K, reserved 1099776K
  class space    used 7775K, capacity 8363K, committed 8380K, reserved 1048576K
Event: 8.988 GC heap after
Heap after GC invocations=15 (full 3):
 PSYoungGen      total 428544K, used 0K [0x00000000e0b80000, 0x00000000fc180000, 0x0000000100000000)
  eden space 409600K, 0% used [0x00000000e0b80000,0x00000000e0b80000,0x00000000f9b80000)
  from space 18944K, 0% used [0x00000000faf00000,0x00000000faf00000,0x00000000fc180000)
  to   space 19456K, 0% used [0x00000000f9b80000,0x00000000f9b80000,0x00000000fae80000)
 ParOldGen       total 77312K, used 26638K [0x00000000a2200000, 0x00000000a6d80000, 0x00000000e0b80000)
  object space 77312K, 34% used [0x00000000a2200000,0x00000000a3c03898,0x00000000a6d80000)
 Metaspace       used 55714K, capacity 58882K, committed 59028K, reserved 1099776K
  class space    used 7768K, capacity 8351K, committed 8380K, reserved 1048576K
}

