# JRE version: Java(TM) SE Runtime Environment (8.0_261-b12) (build 1.8.0_261-b12)
# Java VM: Java HotSpot(TM) 64-Bit Server VM (25.261-b12 mixed mode windows-amd64 compressed oops)
Heap:
 PSYoungGen      total 224768K, used 128795K [0x00000000e0b80000, 0x00000000f3780000, 0x0000000100000000)
  eden space 207872K, 61% used [0x00000000e0b80000,0x00000000e8946d68,0x00000000ed680000)
  from space 16896K, 0% used [0x00000000ed680000,0x00000000ed680000,0x00000000ee700000)
  to   space 16896K, 0% used [0x00000000f2700000,0x00000000f2700000,0x00000000f3780000)
 ParOldGen       total 104448K, used 30847K [0x00000000a2200000, 0x00000000a8800000, 0x00000000e0b80000)
  object space 104448K, 29% used [0x00000000a2200000,0x00000000a401fe30,0x00000000a8800000)
 Metaspace       used 64131K, capacity 67898K, committed 68056K, reserved 1107968K
  class space    used 8747K, capacity 9404K, committed 9472K, reserved 1048576K
GC Heap History (10 events):
Event: 6.980 GC heap before
{Heap before GC invocations=10 (full 1):
 PSYoungGen      total 165888K, used 152167K [0x00000000e0b80000, 0x00000000eba80000, 0x0000000100000000)
  eden space 157696K, 91% used [0x00000000e0b80000,0x00000000e981e2f0,0x00000000ea580000)
  from space 8192K, 99% used [0x00000000eb180000,0x00000000eb97bbe8,0x00000000eb980000)
  to   space 10752K, 0% used [0x00000000ea580000,0x00000000ea580000,0x00000000eb000000)
 ParOldGen       total 44032K, used 11210K [0x00000000a2200000, 0x00000000a4d00000, 0x00000000e0b80000)
  object space 44032K, 25% used [0x00000000a2200000,0x00000000a2cf2988,0x00000000a4d00000)
 Metaspace       used 33167K, capacity 35292K, committed 35416K, reserved 1079296K
  class space    used 4529K, capacity 4920K, committed 4992K, reserved 1048576K
Event: 6.997 GC heap after
Heap after GC invocations=10 (full 1):
 PSYoungGen      total 168448K, used 10718K [0x00000000e0b80000, 0x00000000ef600000, 0x0000000100000000)
  eden space 157696K, 0% used [0x00000000e0b80000,0x00000000e0b80000,0x00000000ea580000)
  from space 10752K, 99% used [0x00000000ea580000,0x00000000eaff7bb8,0x00000000eb000000)
  to   space 12288K, 0% used [0x00000000eea00000,0x00000000eea00000,0x00000000ef600000)
 ParOldGen       total 44032K, used 11282K [0x00000000a2200000, 0x00000000a4d00000, 0x00000000e0b80000)
  object space 44032K, 25% used [0x00000000a2200000,0x00000000a2d04998,0x00000000a4d00000)
 Metaspace       used 33167K, capacity 35292K, committed 35416K, reserved 1079296K
  class space    used 4529K, capacity 4920K, committed 4992K, reserved 1048576K
}
Event: 6.997 GC heap before
{Heap before GC invocations=11 (full 2):
 PSYoungGen      total 168448K, used 10718K [0x00000000e0b80000, 0x00000000ef600000, 0x0000000100000000)
  eden space 157696K, 0% used [0x00000000e0b80000,0x00000000e0b80000,0x00000000ea580000)
  from space 10752K, 99% used [0x00000000ea580000,0x00000000eaff7bb8,0x00000000eb000000)
  to   space 12288K, 0% used [0x00000000eea00000,0x00000000eea00000,0x00000000ef600000)
 ParOldGen       total 44032K, used 11282K [0x00000000a2200000, 0x00000000a4d00000, 0x00000000e0b80000)
  object space 44032K, 25% used [0x00000000a2200000,0x00000000a2d04998,0x00000000a4d00000)
 Metaspace       used 33167K, capacity 35292K, committed 35416K, reserved 1079296K
  class space    used 4529K, capacity 4920K, committed 4992K, reserved 1048576K
Event: 7.082 GC heap after
Heap after GC invocations=11 (full 2):
 PSYoungGen      total 168448K, used 0K [0x00000000e0b80000, 0x00000000ef600000, 0x0000000100000000)
  eden space 157696K, 0% used [0x00000000e0b80000,0x00000000e0b80000,0x00000000ea580000)
  from space 10752K, 0% used [0x00000000ea580000,0x00000000ea580000,0x00000000eb000000)
  to   space 12288K, 0% used [0x00000000eea00000,0x00000000eea00000,0x00000000ef600000)
 ParOldGen       total 67072K, used 15782K [0x00000000a2200000, 0x00000000a6380000, 0x00000000e0b80000)
  object space 67072K, 23% used [0x00000000a2200000,0x00000000a3169bb0,0x00000000a6380000)
 Metaspace       used 33167K, capacity 35292K, committed 35416K, reserved 1079296K
  class space    used 4529K, capacity 4920K, committed 4992K, reserved 1048576K
}
Event: 9.619 GC heap before
{Heap before GC invocations=12 (full 2):
 PSYoungGen      total 168448K, used 157696K [0x00000000e0b80000, 0x00000000ef600000, 0x0000000100000000)
  eden space 157696K, 100% used [0x00000000e0b80000,0x00000000ea580000,0x00000000ea580000)
  from space 10752K, 0% used [0x00000000ea580000,0x00000000ea580000,0x00000000eb000000)
  to   space 12288K, 0% used [0x00000000eea00000,0x00000000eea00000,0x00000000ef600000)
 ParOldGen       total 67072K, used 15782K [0x00000000a2200000, 0x00000000a6380000, 0x00000000e0b80000)
  object space 67072K, 23% used [0x00000000a2200000,0x00000000a3169bb0,0x00000000a6380000)
 Metaspace       used 48475K, capacity 50956K, committed 51288K, reserved 1093632K
  class space    used 6809K, capacity 7264K, committed 7296K, reserved 1048576K
Event: 9.645 GC heap after
Heap after GC invocations=12 (full 2):
 PSYoungGen      total 220160K, used 12269K [0x00000000e0b80000, 0x00000000ef780000, 0x0000000100000000)
  eden space 207872K, 0% used [0x00000000e0b80000,0x00000000e0b80000,0x00000000ed680000)
  from space 12288K, 99% used [0x00000000eea00000,0x00000000ef5fb6e0,0x00000000ef600000)
  to   space 16896K, 0% used [0x00000000ed680000,0x00000000ed680000,0x00000000ee700000)
 ParOldGen       total 67072K, used 24032K [0x00000000a2200000, 0x00000000a6380000, 0x00000000e0b80000)
  object space 67072K, 35% used [0x00000000a2200000,0x00000000a39782f0,0x00000000a6380000)
 Metaspace       used 48475K, capacity 50956K, committed 51288K, reserved 1093632K
  class space    used 6809K, capacity 7264K, committed 7296K, reserved 1048576K
}
Event: 11.185 GC heap before
{Heap before GC invocations=13 (full 2):
 PSYoungGen      total 220160K, used 150887K [0x00000000e0b80000, 0x00000000ef780000, 0x0000000100000000)
  eden space 207872K, 66% used [0x00000000e0b80000,0x00000000e92de890,0x00000000ed680000)
  from space 12288K, 99% used [0x00000000eea00000,0x00000000ef5fb6e0,0x00000000ef600000)
  to   space 16896K, 0% used [0x00000000ed680000,0x00000000ed680000,0x00000000ee700000)
 ParOldGen       total 67072K, used 24032K [0x00000000a2200000, 0x00000000a6380000, 0x00000000e0b80000)
  object space 67072K, 35% used [0x00000000a2200000,0x00000000a39782f0,0x00000000a6380000)
 Metaspace       used 55705K, capacity 58916K, committed 59028K, reserved 1099776K
  class space    used 7766K, capacity 8366K, committed 8448K, reserved 1048576K
Event: 11.215 GC heap after
Heap after GC invocations=13 (full 2):
 PSYoungGen      total 224768K, used 9979K [0x00000000e0b80000, 0x00000000f3780000, 0x0000000100000000)
  eden space 207872K, 0% used [0x00000000e0b80000,0x00000000e0b80000,0x00000000ed680000)
  from space 16896K, 59% used [0x00000000ed680000,0x00000000ee03ede0,0x00000000ee700000)
  to   space 16896K, 0% used [0x00000000f2700000,0x00000000f2700000,0x00000000f3780000)
 ParOldGen       total 67072K, used 32839K [0x00000000a2200000, 0x00000000a6380000, 0x00000000e0b80000)
  object space 67072K, 48% used [0x00000000a2200000,0x00000000a4211ee8,0x00000000a6380000)
 Metaspace       used 55705K, capacity 58916K, committed 59028K, reserved 1099776K
  class space    used 7766K, capacity 8366K, committed 8448K, reserved 1048576K
}
Event: 11.215 GC heap before
{Heap before GC invocations=14 (full 3):
 PSYoungGen      total 224768K, used 9979K [0x00000000e0b80000, 0x00000000f3780000, 0x0000000100000000)
  eden space 207872K, 0% used [0x00000000e0b80000,0x00000000e0b80000,0x00000000ed680000)
  from space 16896K, 59% used [0x00000000ed680000,0x00000000ee03ede0,0x00000000ee700000)
  to   space 16896K, 0% used [0x00000000f2700000,0x00000000f2700000,0x00000000f3780000)
 ParOldGen       total 67072K, used 32839K [0x00000000a2200000, 0x00000000a6380000, 0x00000000e0b80000)
  object space 67072K, 48% used [0x00000000a2200000,0x00000000a4211ee8,0x00000000a6380000)
 Metaspace       used 55705K, capacity 58916K, committed 59028K, reserved 1099776K
  class space    used 7766K, capacity 8366K, committed 8448K, reserved 1048576K
Event: 11.474 GC heap after
Heap after GC invocations=14 (full 3):
 PSYoungGen      total 224768K, used 0K [0x00000000e0b80000, 0x00000000f3780000, 0x0000000100000000)
  eden space 207872K, 0% used [0x00000000e0b80000,0x00000000e0b80000,0x00000000ed680000)
  from space 16896K, 0% used [0x00000000ed680000,0x00000000ed680000,0x00000000ee700000)
  to   space 16896K, 0% used [0x00000000f2700000,0x00000000f2700000,0x00000000f3780000)
 ParOldGen       total 104448K, used 30847K [0x00000000a2200000, 0x00000000a8800000, 0x00000000e0b80000)
  object space 104448K, 29% used [0x00000000a2200000,0x00000000a401fe30,0x00000000a8800000)
 Metaspace       used 55660K, capacity 58844K, committed 59028K, reserved 1099776K
  class space    used 7760K, capacity 8354K, committed 8448K, reserved 1048576K
}

